d:\ai\ai_projectfinal\final ai project\gameai\steering\debug\vc141.pdb
d:\ai\ai_projectfinal\final ai project\gameai\steering\debug\vc141.idb
d:\ai\ai_projectfinal\final ai project\gameai\steering\debug\kinematicwandersteering.obj
d:\ai\ai_projectfinal\final ai project\gameai\steering\debug\main.obj
d:\ai\ai_projectfinal\final ai project\gameai\steering\debug\movementmessage.obj
d:\ai\ai_projectfinal\final ai project\gameai\steering\debug\player.obj
d:\ai\ai_projectfinal\final ai project\gameai\steering\debug\playermovement.obj
d:\ai\ai_projectfinal\final ai project\gameai\steering\debug\playermovetomessage.obj
d:\ai\ai_projectfinal\final ai project\gameai\steering\debug\raycast.obj
d:\ai\ai_projectfinal\final ai project\gameai\steering\debug\savesettingsmessage.obj
d:\ai\ai_projectfinal\final ai project\gameai\steering\debug\separation.obj
d:\ai\ai_projectfinal\final ai project\gameai\steering\debug\sprite.obj
d:\ai\ai_projectfinal\final ai project\gameai\steering\debug\spritemanager.obj
d:\ai\ai_projectfinal\final ai project\gameai\steering\debug\steering.obj
d:\ai\ai_projectfinal\final ai project\gameai\steering\debug\switchui.obj
d:\ai\ai_projectfinal\final ai project\gameai\steering\debug\uimanager.obj
d:\ai\ai_projectfinal\final ai project\gameai\steering\debug\unitmanager.obj
d:\ai\ai_projectfinal\final ai project\gameai\steering\debug\updatemouseuimessage.obj
d:\ai\ai_projectfinal\final ai project\gameai\steering\debug\updateunituimessage.obj
d:\ai\ai_projectfinal\final ai project\gameai\steering\debug\velocitymatching.obj
d:\ai\ai_projectfinal\final ai project\gameai\steering\debug\walldetection.obj
d:\ai\ai_projectfinal\final ai project\gameai\steering\debug\wallunit.obj
d:\ai\ai_projectfinal\final ai project\gameai\steering\debug\createdynamicarrive.obj
d:\ai\ai_projectfinal\final ai project\gameai\steering\debug\createdynamicseek.obj
d:\ai\ai_projectfinal\final ai project\gameai\steering\debug\createwanderflee.obj
d:\ai\ai_projectfinal\final ai project\gameai\steering\debug\createwanderseek.obj
d:\ai\ai_projectfinal\final ai project\gameai\steering\debug\deleteunitmessage.obj
d:\ai\ai_projectfinal\final ai project\gameai\steering\debug\dynamicarrivesteering.obj
d:\ai\ai_projectfinal\final ai project\gameai\steering\debug\dynamicseeksteering.obj
d:\ai\ai_projectfinal\final ai project\gameai\steering\debug\dynamicwanderandseek.obj
d:\ai\ai_projectfinal\final ai project\gameai\steering\debug\endgamemessage.obj
d:\ai\ai_projectfinal\final ai project\gameai\steering\debug\game.obj
d:\ai\ai_projectfinal\final ai project\gameai\steering\debug\gamemessage.obj
d:\ai\ai_projectfinal\final ai project\gameai\steering\debug\gamemessagemanager.obj
d:\ai\ai_projectfinal\final ai project\gameai\steering\debug\graphicsbuffer.obj
d:\ai\ai_projectfinal\final ai project\gameai\steering\debug\graphicsbuffermanager.obj
d:\ai\ai_projectfinal\final ai project\gameai\steering\debug\graphicssystem.obj
d:\ai\ai_projectfinal\final ai project\gameai\steering\debug\inputmanager.obj
d:\ai\ai_projectfinal\final ai project\gameai\steering\debug\kinematic.obj
d:\ai\ai_projectfinal\final ai project\gameai\steering\debug\kinematicarrivesteering.obj
d:\ai\ai_projectfinal\final ai project\gameai\steering\debug\kinematicseeksteering.obj
d:\ai\ai_projectfinal\final ai project\gameai\steering\debug\kinematicunit.obj
d:\ai\ai_projectfinal\final ai project\gameai\steering\debug\allignment.obj
d:\ai\ai_projectfinal\final ai project\gameai\steering\debug\blendedsteering.obj
d:\ai\ai_projectfinal\final ai project\gameai\steering\debug\changeunitvalue.obj
d:\ai\ai_projectfinal\final ai project\gameai\steering\debug\circlecollision.obj
d:\ai\ai_projectfinal\final ai project\gameai\steering\debug\cohesion.obj
d:\ai\ai_projectfinal\final ai project\gameai\steering\debug\collisionavoidance.obj
d:\ai\ai_projectfinal\final ai project\gameai\steering\debug\createboidflock.obj
d:\ai\ai_projectfinal\final ai project\gameai\steering\debug\policesteering.obj
d:\ai\ai_projectfinal\final ai project\gameai\steering\debug\connection.obj
d:\ai\ai_projectfinal\final ai project\gameai\steering\debug\createnodemessage.obj
d:\ai\ai_projectfinal\final ai project\gameai\steering\debug\deletenodemessage.obj
d:\ai\ai_projectfinal\final ai project\gameai\steering\debug\graph.obj
d:\ai\ai_projectfinal\final ai project\gameai\steering\debug\node.obj
d:\ai\ai_projectfinal\final ai project\gameai\steering\debug\toggledebugmessage.obj
d:\ai\ai_projectfinal\final ai project\gameai\steering\debug\wandertonode.obj
d:\ai\ai_projectfinal\final ai project\gameai\steering\debug\statemachine.obj
d:\ai\ai_projectfinal\final ai project\gameai\steering\debug\steering.ilk
d:\ai\ai_projectfinal\final ai project\gameai\steering\debug\steering.exe
d:\ai\ai_projectfinal\final ai project\gameai\steering\debug\steering.pdb
d:\ai\ai_projectfinal\final ai project\gameai\steering\debug\circleonbox.obj
d:\ai\ai_projectfinal\final ai project\gameai\steering\debug\collisiondetector.obj
d:\ai\ai_projectfinal\final ai project\gameai\steering\debug\createboidmessage.obj
d:\ai\ai_projectfinal\final ai project\gameai\steering\debug\cylindercollisoin.obj
d:\ai\ai_projectfinal\final ai project\gameai\steering\debug\face.obj
d:\ai\ai_projectfinal\final ai project\gameai\steering\debug\horizontalwall.obj
d:\ai\ai_projectfinal\final ai project\gameai\steering\debug\verticalwall.obj
d:\ai\ai_projectfinal\final ai project\gameai\steering\debug\steering.tlog\cl.command.1.tlog
d:\ai\ai_projectfinal\final ai project\gameai\steering\debug\steering.tlog\cl.read.1.tlog
d:\ai\ai_projectfinal\final ai project\gameai\steering\debug\steering.tlog\cl.write.1.tlog
d:\ai\ai_projectfinal\final ai project\gameai\steering\debug\steering.tlog\link.command.1.tlog
d:\ai\ai_projectfinal\final ai project\gameai\steering\debug\steering.tlog\link.read.1.tlog
d:\ai\ai_projectfinal\final ai project\gameai\steering\debug\steering.tlog\link.write.1.tlog
